<?xml version="1.0" encoding="UTF-8"?>
<coverage generated="1533459059057" clover="3.2.0">
  <project timestamp="1533459059057" name="All files">
    <metrics statements="61" coveredstatements="61" conditionals="7" coveredconditionals="7" methods="15" coveredmethods="15" elements="83" coveredelements="83" complexity="0" loc="61" ncloc="61" packages="3" files="6" classes="6">
      <package name="__tests__">
        <metrics statements="3" coveredstatements="3" conditionals="0" coveredconditionals="0" methods="0" coveredmethods="0"/>
        <file name="startUp.js" path="/Users/dmitrijkovalenko/dev/ns-react-i18next/__tests__/startUp.js">
          <metrics statements="3" coveredstatements="3" conditionals="0" coveredconditionals="0" methods="0" coveredmethods="0"/>
          <line num="1" count="4" type="stmt"/>
          <line num="2" count="4" type="stmt"/>
          <line num="5" count="4" type="stmt"/>
        </file>
      </package>
      <package name="fixtures">
        <metrics statements="5" coveredstatements="5" conditionals="0" coveredconditionals="0" methods="0" coveredmethods="0"/>
        <file name="i18n.ts" path="/Users/dmitrijkovalenko/dev/ns-react-i18next/fixtures/i18n.ts">
          <metrics statements="5" coveredstatements="5" conditionals="0" coveredconditionals="0" methods="0" coveredmethods="0"/>
          <line num="1" count="3" type="stmt"/>
          <line num="2" count="3" type="stmt"/>
          <line num="3" count="3" type="stmt"/>
          <line num="5" count="3" type="stmt"/>
          <line num="19" count="3" type="stmt"/>
        </file>
      </package>
      <package name="src">
        <metrics statements="53" coveredstatements="53" conditionals="7" coveredconditionals="7" methods="15" coveredmethods="15"/>
        <file name="I18NextProvider.tsx" path="/Users/dmitrijkovalenko/dev/ns-react-i18next/src/I18NextProvider.tsx">
          <metrics statements="24" coveredstatements="24" conditionals="5" coveredconditionals="5" methods="5" coveredmethods="5"/>
          <line num="1" count="4" type="stmt"/>
          <line num="2" count="4" type="stmt"/>
          <line num="3" count="4" type="stmt"/>
          <line num="5" count="4" type="stmt"/>
          <line num="6" count="4" type="stmt"/>
          <line num="16" count="7" type="cond" truecount="3" falsecount="0"/>
          <line num="17" count="4" type="stmt"/>
          <line num="21" count="7" type="stmt"/>
          <line num="25" count="4" type="stmt"/>
          <line num="26" count="7" type="stmt"/>
          <line num="28" count="7" type="cond" truecount="2" falsecount="0"/>
          <line num="29" count="1" type="stmt"/>
          <line num="30" count="1" type="stmt"/>
          <line num="33" count="6" type="stmt"/>
          <line num="36" count="4" type="stmt"/>
          <line num="37" count="1" type="stmt"/>
          <line num="40" count="7" type="stmt"/>
          <line num="41" count="6" type="stmt"/>
          <line num="44" count="4" type="stmt"/>
          <line num="45" count="13" type="stmt"/>
          <line num="46" count="13" type="stmt"/>
          <line num="48" count="13" type="stmt"/>
          <line num="50" count="4" type="stmt"/>
          <line num="52" count="4" type="stmt"/>
        </file>
        <file name="NamespaceProvider.tsx" path="/Users/dmitrijkovalenko/dev/ns-react-i18next/src/NamespaceProvider.tsx">
          <metrics statements="8" coveredstatements="8" conditionals="0" coveredconditionals="0" methods="1" coveredmethods="1"/>
          <line num="1" count="2" type="stmt"/>
          <line num="2" count="2" type="stmt"/>
          <line num="8" count="2" type="stmt"/>
          <line num="9" count="2" type="stmt"/>
          <line num="11" count="3" type="stmt"/>
          <line num="12" count="3" type="stmt"/>
          <line num="15" count="2" type="stmt"/>
          <line num="19" count="2" type="stmt"/>
        </file>
        <file name="Translate.tsx" path="/Users/dmitrijkovalenko/dev/ns-react-i18next/src/Translate.tsx">
          <metrics statements="14" coveredstatements="14" conditionals="2" coveredconditionals="2" methods="4" coveredmethods="4"/>
          <line num="1" count="2" type="stmt"/>
          <line num="2" count="2" type="stmt"/>
          <line num="3" count="2" type="stmt"/>
          <line num="4" count="2" type="stmt"/>
          <line num="12" count="2" type="stmt"/>
          <line num="13" count="11" type="stmt"/>
          <line num="15" count="11" type="cond" truecount="2" falsecount="0"/>
          <line num="16" count="7" type="stmt"/>
          <line num="19" count="4" type="stmt"/>
          <line num="22" count="5" type="stmt"/>
          <line num="25" count="11" type="stmt"/>
          <line num="28" count="11" type="stmt"/>
          <line num="36" count="2" type="stmt"/>
          <line num="41" count="2" type="stmt"/>
        </file>
        <file name="WithLocale.tsx" path="/Users/dmitrijkovalenko/dev/ns-react-i18next/src/WithLocale.tsx">
          <metrics statements="7" coveredstatements="7" conditionals="0" coveredconditionals="0" methods="5" coveredmethods="5"/>
          <line num="1" count="1" type="stmt"/>
          <line num="3" count="1" type="stmt"/>
          <line num="12" count="1" type="stmt"/>
          <line num="13" count="1" type="stmt"/>
          <line num="16" count="1" type="stmt"/>
          <line num="21" count="1" type="stmt"/>
          <line num="31" count="1" type="stmt"/>
        </file>
      </package>
    </metrics>
  </project>
</coverage>
