{"/Users/dmitrijkovalenko/dev/ns-react-i18next/__tests__/startUp.js": {"path":"/Users/dmitrijkovalenko/dev/ns-react-i18next/__tests__/startUp.js","statementMap":{"0":{"start":{"line":1,"column":15},"end":{"line":1,"column":32}},"1":{"start":{"line":2,"column":22},"end":{"line":2,"column":60}},"2":{"start":{"line":5,"column":0},"end":{"line":5,"column":51}}},"fnMap":{},"branchMap":{},"s":{"0":4,"1":4,"2":4},"f":{},"b":{},"_coverageSchema":"332fd63041d2c1bcb487cc26dd0d5f7d97098a6c","hash":"a36136603c488f06e4080a27ccfd1ace09f5edc5"}
,"/Users/dmitrijkovalenko/dev/ns-react-i18next/fixtures/i18n.ts": {"path":"/Users/dmitrijkovalenko/dev/ns-react-i18next/fixtures/i18n.ts","statementMap":{"0":{"start":{"line":1,"column":0},"end":{"line":1,"column":31}},"1":{"start":{"line":2,"column":0},"end":{"line":2,"column":51}},"2":{"start":{"line":3,"column":0},"end":{"line":3,"column":68}},"3":{"start":{"line":5,"column":0},"end":{"line":17,"column":5}},"4":{"start":{"line":19,"column":0},"end":{"line":19,"column":20}}},"fnMap":{},"branchMap":{},"s":{"0":3,"1":3,"2":3,"3":3,"4":3},"f":{},"b":{}}
,"/Users/dmitrijkovalenko/dev/ns-react-i18next/src/I18NextProvider.tsx": {"path":"/Users/dmitrijkovalenko/dev/ns-react-i18next/src/I18NextProvider.tsx","statementMap":{"0":{"start":{"line":1,"column":0},"end":{"line":1,"column":30}},"1":{"start":{"line":2,"column":0},"end":{"line":2,"column":38}},"2":{"start":{"line":3,"column":0},"end":{"line":3,"column":41}},"3":{"start":{"line":5,"column":6},"end":{"line":5,"column":97}},"4":{"start":{"line":5,"column":8},"end":{"line":5,"column":16}},"5":{"start":{"line":5,"column":18},"end":{"line":5,"column":26}},"6":{"start":{"line":6,"column":13},"end":{"line":6,"column":40}},"7":{"start":{"line":16,"column":0},"end":{"line":16,"column":45}},"8":{"start":{"line":16,"column":30},"end":{"line":16,"column":74}},"9":{"start":{"line":16,"column":0},"end":{"line":50,"column":0}},"10":{"start":{"line":21,"column":2},"end":{"line":23,"column":3}},"11":{"start":{"line":40,"column":2},"end":{"line":42,"column":3}},"12":{"start":{"line":41,"column":4},"end":{"line":41,"column":39}},"13":{"start":{"line":25,"column":2},"end":{"line":34,"column":3}},"14":{"start":{"line":26,"column":12},"end":{"line":26,"column":16}},"15":{"start":{"line":28,"column":4},"end":{"line":31,"column":5}},"16":{"start":{"line":29,"column":6},"end":{"line":29,"column":100}},"17":{"start":{"line":30,"column":6},"end":{"line":30,"column":12}},"18":{"start":{"line":33,"column":4},"end":{"line":33,"column":57}},"19":{"start":{"line":36,"column":2},"end":{"line":38,"column":3}},"20":{"start":{"line":37,"column":4},"end":{"line":37,"column":69}},"21":{"start":{"line":44,"column":2},"end":{"line":49,"column":3}},"22":{"start":{"line":45,"column":12},"end":{"line":45,"column":18}},"23":{"start":{"line":46,"column":10},"end":{"line":46,"column":41}},"24":{"start":{"line":46,"column":12},"end":{"line":46,"column":16}},"25":{"start":{"line":46,"column":18},"end":{"line":46,"column":26}},"26":{"start":{"line":48,"column":4},"end":{"line":48,"column":69}},"27":{"start":{"line":17,"column":9},"end":{"line":19,"column":3}},"28":{"start":{"line":50,"column":0},"end":{"line":50,"column":1}},"29":{"start":{"line":52,"column":0},"end":{"line":52,"column":31}}},"fnMap":{"0":{"name":"(anonymous_5)","decl":{"start":{"line":16,"column":0},"end":{"line":null,"column":-1}},"loc":{"start":{"line":16,"column":0},"end":{"line":16,"column":-1}}},"1":{"name":"(anonymous_7)","decl":{"start":{"line":40,"column":25},"end":{"line":40,"column":25}},"loc":{"start":{"line":40,"column":42},"end":{"line":42,"column":3}}},"2":{"name":"(anonymous_8)","decl":{"start":{"line":25,"column":2},"end":{"line":null,"column":-1}},"loc":{"start":{"line":25,"column":2},"end":{"line":34,"column":3}}},"3":{"name":"(anonymous_9)","decl":{"start":{"line":36,"column":2},"end":{"line":null,"column":-1}},"loc":{"start":{"line":36,"column":2},"end":{"line":38,"column":3}}},"4":{"name":"(anonymous_10)","decl":{"start":{"line":44,"column":2},"end":{"line":null,"column":-1}},"loc":{"start":{"line":44,"column":2},"end":{"line":49,"column":3}}}},"branchMap":{"0":{"loc":{"start":{"line":16,"column":0},"end":{"line":50,"column":0}},"type":"binary-expr","locations":[{"start":{"line":16,"column":0},"end":{"line":50,"column":0}},{"start":{"line":16,"column":0},"end":{"line":50,"column":0}},{"start":{"line":16,"column":0},"end":{"line":50,"column":0}}]},"1":{"loc":{"start":{"line":28,"column":4},"end":{"line":31,"column":5}},"type":"if","locations":[{"start":{"line":28,"column":4},"end":{"line":31,"column":5}},{"start":{"line":28,"column":4},"end":{"line":31,"column":5}}]}},"s":{"0":4,"1":4,"2":4,"3":4,"4":4,"5":4,"6":4,"7":4,"8":4,"9":7,"10":7,"11":7,"12":6,"13":4,"14":7,"15":7,"16":1,"17":1,"18":6,"19":4,"20":1,"21":4,"22":13,"23":13,"24":13,"25":13,"26":13,"27":4,"28":4,"29":4},"f":{"0":11,"1":6,"2":7,"3":1,"4":13},"b":{"0":[7,7,7],"1":[1,6]}}
,"/Users/dmitrijkovalenko/dev/ns-react-i18next/src/NamespaceProvider.tsx": {"path":"/Users/dmitrijkovalenko/dev/ns-react-i18next/src/NamespaceProvider.tsx","statementMap":{"0":{"start":{"line":1,"column":0},"end":{"line":1,"column":30}},"1":{"start":{"line":2,"column":0},"end":{"line":2,"column":39}},"2":{"start":{"line":8,"column":6},"end":{"line":8,"column":54}},"3":{"start":{"line":8,"column":8},"end":{"line":8,"column":16}},"4":{"start":{"line":8,"column":18},"end":{"line":8,"column":26}},"5":{"start":{"line":9,"column":13},"end":{"line":9,"column":42}},"6":{"start":{"line":11,"column":61},"end":{"line":13,"column":1}},"7":{"start":{"line":11,"column":64},"end":{"line":11,"column":66}},"8":{"start":{"line":11,"column":68},"end":{"line":11,"column":76}},"9":{"start":{"line":12,"column":2},"end":{"line":12,"column":53}},"10":{"start":{"line":15,"column":0},"end":{"line":17,"column":1}},"11":{"start":{"line":19,"column":0},"end":{"line":19,"column":33}}},"fnMap":{"0":{"name":"(anonymous_0)","decl":{"start":{"line":11,"column":61},"end":{"line":11,"column":61}},"loc":{"start":{"line":11,"column":78},"end":{"line":13,"column":1}}}},"branchMap":{},"s":{"0":2,"1":2,"2":2,"3":2,"4":2,"5":2,"6":2,"7":3,"8":3,"9":3,"10":2,"11":2},"f":{"0":3},"b":{}}
,"/Users/dmitrijkovalenko/dev/ns-react-i18next/src/Translate.tsx": {"path":"/Users/dmitrijkovalenko/dev/ns-react-i18next/src/Translate.tsx","statementMap":{"0":{"start":{"line":1,"column":0},"end":{"line":1,"column":30}},"1":{"start":{"line":2,"column":0},"end":{"line":2,"column":39}},"2":{"start":{"line":3,"column":0},"end":{"line":3,"column":51}},"3":{"start":{"line":4,"column":0},"end":{"line":4,"column":55}},"4":{"start":{"line":12,"column":32},"end":{"line":20,"column":1}},"5":{"start":{"line":13,"column":14},"end":{"line":13,"column":29}},"6":{"start":{"line":15,"column":2},"end":{"line":17,"column":3}},"7":{"start":{"line":16,"column":4},"end":{"line":16,"column":25}},"8":{"start":{"line":19,"column":2},"end":{"line":19,"column":12}},"9":{"start":{"line":22,"column":45},"end":{"line":34,"column":1}},"10":{"start":{"line":22,"column":48},"end":{"line":22,"column":56}},"11":{"start":{"line":22,"column":58},"end":{"line":22,"column":69}},"12":{"start":{"line":22,"column":76},"end":{"line":34,"column":1}},"13":{"start":{"line":25,"column":9},"end":{"line":25,"column":13}},"14":{"start":{"line":25,"column":20},"end":{"line":31,"column":7}},"15":{"start":{"line":28,"column":18},"end":{"line":28,"column":76}},"16":{"start":{"line":36,"column":0},"end":{"line":39,"column":1}},"17":{"start":{"line":41,"column":0},"end":{"line":41,"column":25}}},"fnMap":{"0":{"name":"(anonymous_0)","decl":{"start":{"line":12,"column":32},"end":{"line":12,"column":32}},"loc":{"start":{"line":12,"column":61},"end":{"line":20,"column":1}}},"1":{"name":"(anonymous_1)","decl":{"start":{"line":22,"column":45},"end":{"line":22,"column":45}},"loc":{"start":{"line":22,"column":71},"end":{"line":34,"column":1}}},"2":{"name":"(anonymous_2)","decl":{"start":{"line":25,"column":6},"end":{"line":25,"column":6}},"loc":{"start":{"line":25,"column":15},"end":{"line":31,"column":7}}},"3":{"name":"(anonymous_3)","decl":{"start":{"line":28,"column":12},"end":{"line":28,"column":11}},"loc":{"start":{"line":28,"column":14},"end":{"line":28,"column":76}}}},"branchMap":{"0":{"loc":{"start":{"line":15,"column":2},"end":{"line":17,"column":3}},"type":"if","locations":[{"start":{"line":15,"column":2},"end":{"line":17,"column":3}},{"start":{"line":15,"column":2},"end":{"line":17,"column":3}}]}},"s":{"0":2,"1":2,"2":2,"3":2,"4":2,"5":11,"6":11,"7":7,"8":4,"9":2,"10":5,"11":5,"12":5,"13":11,"14":11,"15":11,"16":2,"17":2},"f":{"0":11,"1":5,"2":11,"3":11},"b":{"0":[7,4]}}
,"/Users/dmitrijkovalenko/dev/ns-react-i18next/src/WithLocale.tsx": {"path":"/Users/dmitrijkovalenko/dev/ns-react-i18next/src/WithLocale.tsx","statementMap":{"0":{"start":{"line":1,"column":0},"end":{"line":1,"column":29}},"1":{"start":{"line":3,"column":0},"end":{"line":3,"column":51}},"2":{"start":{"line":12,"column":0},"end":{"line":32,"column":1}},"3":{"start":{"line":12,"column":39},"end":{"line":32,"column":1}},"4":{"start":{"line":13,"column":37},"end":{"line":29,"column":3}},"5":{"start":{"line":13,"column":48},"end":{"line":29,"column":3}},"6":{"start":{"line":16,"column":11},"end":{"line":16,"column":15}},"7":{"start":{"line":16,"column":17},"end":{"line":16,"column":23}},"8":{"start":{"line":16,"column":30},"end":{"line":26,"column":9}},"9":{"start":{"line":21,"column":73},"end":{"line":23,"column":13}},"10":{"start":{"line":31,"column":2},"end":{"line":31,"column":19}}},"fnMap":{"0":{"name":"(anonymous_1)","decl":{"start":{"line":12,"column":15},"end":{"line":12,"column":15}},"loc":{"start":{"line":12,"column":34},"end":{"line":32,"column":1}}},"1":{"name":"(anonymous_2)","decl":{"start":{"line":12,"column":39},"end":{"line":12,"column":39}},"loc":{"start":{"line":12,"column":87},"end":{"line":32,"column":1}}},"2":{"name":"(anonymous_3)","decl":{"start":{"line":13,"column":37},"end":{"line":13,"column":37}},"loc":{"start":{"line":13,"column":43},"end":{"line":29,"column":3}}},"3":{"name":"(anonymous_4)","decl":{"start":{"line":16,"column":8},"end":{"line":16,"column":8}},"loc":{"start":{"line":16,"column":25},"end":{"line":26,"column":9}}},"4":{"name":"(anonymous_5)","decl":{"start":{"line":21,"column":16},"end":{"line":21,"column":16}},"loc":{"start":{"line":21,"column":68},"end":{"line":23,"column":13}}}},"branchMap":{},"s":{"0":1,"1":1,"2":1,"3":1,"4":1,"5":1,"6":1,"7":1,"8":1,"9":1,"10":1},"f":{"0":1,"1":1,"2":1,"3":1,"4":1},"b":{}}
}
