TN:
SF:/Users/dmitrijkovalenko/dev/ns-react-i18next/__tests__/startUp.js
FNF:0
FNH:0
DA:1,4
DA:2,4
DA:5,4
LF:3
LH:3
BRF:0
BRH:0
end_of_record
TN:
SF:/Users/dmitrijkovalenko/dev/ns-react-i18next/fixtures/i18n.ts
FNF:0
FNH:0
DA:1,3
DA:2,3
DA:3,3
DA:5,3
DA:19,3
LF:5
LH:5
BRF:0
BRH:0
end_of_record
TN:
SF:/Users/dmitrijkovalenko/dev/ns-react-i18next/src/I18NextProvider.tsx
FN:16,(anonymous_5)
FN:40,(anonymous_7)
FN:25,(anonymous_8)
FN:36,(anonymous_9)
FN:44,(anonymous_10)
FNF:5
FNH:5
FNDA:11,(anonymous_5)
FNDA:6,(anonymous_7)
FNDA:7,(anonymous_8)
FNDA:1,(anonymous_9)
FNDA:13,(anonymous_10)
DA:1,4
DA:2,4
DA:3,4
DA:5,4
DA:6,4
DA:16,7
DA:17,4
DA:21,7
DA:25,4
DA:26,7
DA:28,7
DA:29,1
DA:30,1
DA:33,6
DA:36,4
DA:37,1
DA:40,7
DA:41,6
DA:44,4
DA:45,13
DA:46,13
DA:48,13
DA:50,4
DA:52,4
LF:24
LH:24
BRDA:16,0,0,7
BRDA:16,0,1,7
BRDA:16,0,2,7
BRDA:28,1,0,1
BRDA:28,1,1,6
BRF:5
BRH:5
end_of_record
TN:
SF:/Users/dmitrijkovalenko/dev/ns-react-i18next/src/NamespaceProvider.tsx
FN:11,(anonymous_0)
FNF:1
FNH:1
FNDA:3,(anonymous_0)
DA:1,2
DA:2,2
DA:8,2
DA:9,2
DA:11,3
DA:12,3
DA:15,2
DA:19,2
LF:8
LH:8
BRF:0
BRH:0
end_of_record
TN:
SF:/Users/dmitrijkovalenko/dev/ns-react-i18next/src/Translate.tsx
FN:12,(anonymous_0)
FN:22,(anonymous_1)
FN:25,(anonymous_2)
FN:28,(anonymous_3)
FNF:4
FNH:4
FNDA:11,(anonymous_0)
FNDA:5,(anonymous_1)
FNDA:11,(anonymous_2)
FNDA:11,(anonymous_3)
DA:1,2
DA:2,2
DA:3,2
DA:4,2
DA:12,2
DA:13,11
DA:15,11
DA:16,7
DA:19,4
DA:22,5
DA:25,11
DA:28,11
DA:36,2
DA:41,2
LF:14
LH:14
BRDA:15,0,0,7
BRDA:15,0,1,4
BRF:2
BRH:2
end_of_record
TN:
SF:/Users/dmitrijkovalenko/dev/ns-react-i18next/src/WithLocale.tsx
FN:12,(anonymous_1)
FN:12,(anonymous_2)
FN:13,(anonymous_3)
FN:16,(anonymous_4)
FN:21,(anonymous_5)
FNF:5
FNH:5
FNDA:1,(anonymous_1)
FNDA:1,(anonymous_2)
FNDA:1,(anonymous_3)
FNDA:1,(anonymous_4)
FNDA:1,(anonymous_5)
DA:1,1
DA:3,1
DA:12,1
DA:13,1
DA:16,1
DA:21,1
DA:31,1
LF:7
LH:7
BRF:0
BRH:0
end_of_record
